
**** 11/13/24 10:39:55 *********** Evaluation PSpice (Nov 1999) **************

 * C:\Users\user\Desktop\graphics assign3\Schematic1.sch


 ****     CIRCUIT DESCRIPTION


******************************************************************************




* Schematics Version 9.1 - Web Update 1
* Wed Nov 13 09:21:30 2024



** Analysis setup **
.tran 20ns 10ms 0 0.01us
.OP 


* From [PSPICE NETLIST] section of pspiceev.ini:
.lib "nom.lib"

.INC "Schematic1.net"

**** INCLUDING Schematic1.net ****
* Schematics Netlist *



L_L1         $N_0001 $N_0002  3m  
C_C1         $N_0001 $N_0002  0.21u  
R_R1         0 $N_0002  0.1k  
V_V1         $N_0003 0  
+SIN 0 10 5.3k 0 0 0
X_U1         $N_0003 $N_0001 Sw_tClose PARAMS: tClose=0 ttran=1u Rclosed=10
+  Ropen=1Meg

**** RESUMING Schematic1.cir ****
.INC "Schematic1.als"



**** INCLUDING Schematic1.als ****
* Schematics Aliases *

.ALIASES
L_L1            L1(1=$N_0001 2=$N_0002 )
C_C1            C1(1=$N_0001 2=$N_0002 )
R_R1            R1(1=0 2=$N_0002 )
V_V1            V1(+=$N_0003 -=0 )
X_U1            U1(1=$N_0003 2=$N_0001 )
.ENDALIASES


**** RESUMING Schematic1.cir ****
.probe


.END

**** 11/13/24 10:39:55 *********** Evaluation PSpice (Nov 1999) **************

 * C:\Users\user\Desktop\graphics assign3\Schematic1.sch


 ****     Voltage Controlled Switch MODEL PARAMETERS


******************************************************************************




               X_U1.Smod       
         RON   10            
        ROFF    1.000000E+06 
         VON    1            
        VOFF    0            


**** 11/13/24 10:39:55 *********** Evaluation PSpice (Nov 1999) **************

 * C:\Users\user\Desktop\graphics assign3\Schematic1.sch


 ****     SMALL SIGNAL BIAS SOLUTION       TEMPERATURE =   27.000 DEG C


******************************************************************************



 NODE   VOLTAGE     NODE   VOLTAGE     NODE   VOLTAGE     NODE   VOLTAGE


(X_U1.3)    0.0000 ($N_0001)    0.0000                   ($N_0002)    0.0000    

($N_0003)    0.0000                   




    VOLTAGE SOURCE CURRENTS
    NAME         CURRENT

    V_V1         0.000E+00
    X_U1.V1      0.000E+00

    TOTAL POWER DISSIPATION   0.00E+00  WATTS


**** 11/13/24 10:39:55 *********** Evaluation PSpice (Nov 1999) **************

 * C:\Users\user\Desktop\graphics assign3\Schematic1.sch


 ****     OPERATING POINT INFORMATION      TEMPERATURE =   27.000 DEG C


******************************************************************************






**** VOLTAGE CONTROLLED SWITCHES


NAME         X_U1.S1   
MODEL        X_U1.Smod 
I LOAD       0.00E+00 
V LOAD       0.00E+00 
R LOAD       1.00E+06 
V CTRL       0.00E+00 
**** 11/13/24 10:39:55 *********** Evaluation PSpice (Nov 1999) **************

 * C:\Users\user\Desktop\graphics assign3\Schematic1.sch


 ****     INITIAL TRANSIENT SOLUTION       TEMPERATURE =   27.000 DEG C


******************************************************************************



 NODE   VOLTAGE     NODE   VOLTAGE     NODE   VOLTAGE     NODE   VOLTAGE


(X_U1.3)    0.0000 ($N_0001)    0.0000                   ($N_0002)    0.0000    

($N_0003)    0.0000                   




    VOLTAGE SOURCE CURRENTS
    NAME         CURRENT

    V_V1         0.000E+00
    X_U1.V1      0.000E+00

    TOTAL POWER DISSIPATION   0.00E+00  WATTS



          JOB CONCLUDED

          TOTAL JOB TIME           23.33
